Determining if the pthread_create exist failed with the following output:
Change Dir: /home/damian/practical_ws/build/catkin_tools_prebuild/CMakeFiles/CMakeTmp

Run Build Command:"/usr/bin/make" "cmTC_f566c/fast"
/usr/bin/make -f CMakeFiles/cmTC_f566c.dir/build.make CMakeFiles/cmTC_f566c.dir/build
make[1]: Entering directory '/home/damian/practical_ws/build/catkin_tools_prebuild/CMakeFiles/CMakeTmp'
Building C object CMakeFiles/cmTC_f566c.dir/CheckSymbolExists.c.o
/usr/bin/cc    -o CMakeFiles/cmTC_f566c.dir/CheckSymbolExists.c.o   -c /home/damian/practical_ws/build/catkin_tools_prebuild/CMakeFiles/CMakeTmp/CheckSymbolExists.c
Linking C executable cmTC_f566c
/usr/bin/cmake -E cmake_link_script CMakeFiles/cmTC_f566c.dir/link.txt --verbose=1
/usr/bin/cc      -rdynamic CMakeFiles/cmTC_f566c.dir/CheckSymbolExists.c.o  -o cmTC_f566c 
CMakeFiles/cmTC_f566c.dir/CheckSymbolExists.c.o: In function `main':
CheckSymbolExists.c:(.text+0x1b): undefined reference to `pthread_create'
collect2: error: ld returned 1 exit status
CMakeFiles/cmTC_f566c.dir/build.make:97: recipe for target 'cmTC_f566c' failed
make[1]: *** [cmTC_f566c] Error 1
make[1]: Leaving directory '/home/damian/practical_ws/build/catkin_tools_prebuild/CMakeFiles/CMakeTmp'
Makefile:126: recipe for target 'cmTC_f566c/fast' failed
make: *** [cmTC_f566c/fast] Error 2

File /home/damian/practical_ws/build/catkin_tools_prebuild/CMakeFiles/CMakeTmp/CheckSymbolExists.c:
/* */
#include <pthread.h>

int main(int argc, char** argv)
{
  (void)argv;
#ifndef pthread_create
  return ((int*)(&pthread_create))[argc];
#else
  (void)argc;
  return 0;
#endif
}

Determining if the function pthread_create exists in the pthreads failed with the following output:
Change Dir: /home/damian/practical_ws/build/catkin_tools_prebuild/CMakeFiles/CMakeTmp

Run Build Command:"/usr/bin/make" "cmTC_cc7aa/fast"
/usr/bin/make -f CMakeFiles/cmTC_cc7aa.dir/build.make CMakeFiles/cmTC_cc7aa.dir/build
make[1]: Entering directory '/home/damian/practical_ws/build/catkin_tools_prebuild/CMakeFiles/CMakeTmp'
Building C object CMakeFiles/cmTC_cc7aa.dir/CheckFunctionExists.c.o
/usr/bin/cc   -DCHECK_FUNCTION_EXISTS=pthread_create   -o CMakeFiles/cmTC_cc7aa.dir/CheckFunctionExists.c.o   -c /usr/share/cmake-3.10/Modules/CheckFunctionExists.c
Linking C executable cmTC_cc7aa
/usr/bin/cmake -E cmake_link_script CMakeFiles/cmTC_cc7aa.dir/link.txt --verbose=1
/usr/bin/cc  -DCHECK_FUNCTION_EXISTS=pthread_create    -rdynamic CMakeFiles/cmTC_cc7aa.dir/CheckFunctionExists.c.o  -o cmTC_cc7aa -lpthreads 
/usr/bin/ld: cannot find -lpthreads
collect2: error: ld returned 1 exit status
CMakeFiles/cmTC_cc7aa.dir/build.make:97: recipe for target 'cmTC_cc7aa' failed
make[1]: *** [cmTC_cc7aa] Error 1
make[1]: Leaving directory '/home/damian/practical_ws/build/catkin_tools_prebuild/CMakeFiles/CMakeTmp'
Makefile:126: recipe for target 'cmTC_cc7aa/fast' failed
make: *** [cmTC_cc7aa/fast] Error 2


